<?xml version="1.0" encoding="UTF-8"?>
<!-- Generated by org.testng.reporters.JUnitReportReporter -->
<testsuite hostname="DESKTOP-74SCSPF" failures="0" tests="30" name="medicalBoard.medicalBoardBilling" time="634.630" errors="0" timestamp="2022-10-02T15:35:52 BDT" skipped="0">
  <testcase classname="medicalBoard.medicalBoardBilling" name="medicalbilling" time="21.134"/>
  <system-out/>
  <testcase classname="medicalBoard.medicalBoardBilling" name="medicalbilling" time="20.951"/>
  <system-out/>
  <testcase classname="medicalBoard.medicalBoardBilling" name="medicalbilling" time="20.959"/>
  <system-out/>
  <testcase classname="medicalBoard.medicalBoardBilling" name="medicalbilling" time="21.050"/>
  <system-out/>
  <testcase classname="medicalBoard.medicalBoardBilling" name="medicalbilling" time="20.949"/>
  <system-out/>
  <testcase classname="medicalBoard.medicalBoardBilling" name="medicalbilling" time="20.920"/>
  <system-out/>
  <testcase classname="medicalBoard.medicalBoardBilling" name="medicalbilling" time="21.034"/>
  <system-out/>
  <testcase classname="medicalBoard.medicalBoardBilling" name="medicalbilling" time="21.054"/>
  <system-out/>
  <testcase classname="medicalBoard.medicalBoardBilling" name="medicalbilling" time="21.062"/>
  <system-out/>
  <testcase classname="medicalBoard.medicalBoardBilling" name="medicalbilling" time="21.085"/>
  <system-out/>
  <testcase classname="medicalBoard.medicalBoardBilling" name="medicalbilling" time="20.921"/>
  <system-out/>
  <testcase classname="medicalBoard.medicalBoardBilling" name="medicalbilling" time="21.017"/>
  <system-out/>
  <testcase classname="medicalBoard.medicalBoardBilling" name="medicalbilling" time="21.154"/>
  <system-out/>
  <testcase classname="medicalBoard.medicalBoardBilling" name="medicalbilling" time="21.036"/>
  <system-out/>
  <testcase classname="medicalBoard.medicalBoardBilling" name="medicalbilling" time="20.987"/>
  <system-out/>
  <testcase classname="medicalBoard.medicalBoardBilling" name="medicalbilling" time="21.128"/>
  <system-out/>
  <testcase classname="medicalBoard.medicalBoardBilling" name="medicalbilling" time="20.956"/>
  <system-out/>
  <testcase classname="medicalBoard.medicalBoardBilling" name="medicalbilling" time="21.106"/>
  <system-out/>
  <testcase classname="medicalBoard.medicalBoardBilling" name="medicalbilling" time="21.035"/>
  <system-out/>
  <testcase classname="medicalBoard.medicalBoardBilling" name="medicalbilling" time="21.141"/>
  <system-out/>
  <testcase classname="medicalBoard.medicalBoardBilling" name="medicalbilling" time="21.002"/>
  <system-out/>
  <testcase classname="medicalBoard.medicalBoardBilling" name="medicalbilling" time="21.041"/>
  <system-out/>
  <testcase classname="medicalBoard.medicalBoardBilling" name="medicalbilling" time="20.963"/>
  <system-out/>
  <testcase classname="medicalBoard.medicalBoardBilling" name="medicalbilling" time="21.013"/>
  <system-out/>
  <testcase classname="medicalBoard.medicalBoardBilling" name="medicalbilling" time="21.183"/>
  <system-out/>
  <testcase classname="medicalBoard.medicalBoardBilling" name="medicalbilling" time="21.160"/>
  <system-out/>
  <testcase classname="medicalBoard.medicalBoardBilling" name="medicalbilling" time="21.013"/>
  <system-out/>
  <testcase classname="medicalBoard.medicalBoardBilling" name="medicalbilling" time="24.574"/>
  <system-out/>
  <testcase classname="medicalBoard.medicalBoardBilling" name="medicalbilling" time="21.085"/>
  <system-out/>
  <testcase classname="medicalBoard.medicalBoardBilling" name="medicalbilling" time="20.917"/>
  <system-out/>
</testsuite> <!-- medicalBoard.medicalBoardBilling -->
