<?xml version="1.0" encoding="UTF-8"?>
<!-- Generated by org.testng.reporters.JUnitReportReporter -->
<testsuite hostname="DESKTOP-74SCSPF" failures="0" tests="1" name="medicalboardSelect.medicalboardselection" time="10.347" errors="0" timestamp="2022-10-02T15:35:52 BDT" skipped="0">
  <testcase classname="medicalboardSelect.medicalboardselection" name="select" time="10.347"/>
  <system-out/>
</testsuite> <!-- medicalboardSelect.medicalboardselection -->
