<?xml version="1.0" encoding="UTF-8"?>
<!-- Generated by org.testng.reporters.JUnitReportReporter -->
<testsuite hostname="DESKTOP-74SCSPF" failures="0" tests="1" name="webLogin.Login" time="5.249" errors="0" timestamp="2022-10-02T15:40:32 BDT" skipped="0">
  <testcase classname="webLogin.Login" name="loginTest" time="5.249"/>
  <system-out/>
</testsuite> <!-- webLogin.Login -->
